<?xml version="1.0" encoding="UTF-8"?>
<!-- Generated by org.testng.reporters.JUnitXMLReporter -->
<testsuite hostname="Jeys-MBP.home" ignored="0" name="Default test" tests="7" failures="0" timestamp="2020-10-17T12:53:58 EDT" time="17.298" errors="0">
  <testcase name="ContactusPageHeaderTest" time="0.244" classname="com.automationlabs.tests.ContacUsPageTest"/>
  <testcase name="IncaseTextTest" time="0.155" classname="com.automationlabs.tests.ContacUsPageTest"/>
  <testcase name="SearchKeywordTest" time="0.019" classname="com.automationlabs.tests.ContacUsPageTest"/>
  <testcase name="clicksearchbuttonTest" time="10.022" classname="com.automationlabs.tests.ContacUsPageTest"/>
  <testcase name="getLinkTest" time="0.08" classname="com.automationlabs.tests.ContacUsPageTest"/>
  <testcase name="searchTextFieldTest" time="0.09" classname="com.automationlabs.tests.ContacUsPageTest"/>
  <testcase name="ContactusPageTitleTest" time="0.004" classname="com.automationlabs.tests.ContacUsPageTest"/>
</testsuite> <!-- Default test -->
