<?xml version="1.0" encoding="UTF-8"?>
<!-- Generated by org.testng.reporters.JUnitXMLReporter -->
<testsuite hostname="Jeys-MBP.home" ignored="1" name="Default test" tests="3" failures="0" timestamp="2020-10-19T11:50:08 EDT" time="17.062" errors="0">
  <testcase name="Link_NaveenAutomationLabs_Test" time="0.33" classname="com.automationlabs.tests.NaveenPageTest"/>
  <testcase name="NaveenPageTitleTest" time="5.028" classname="com.automationlabs.tests.NaveenPageTest"/>
  <testcase name="click_and_GO_Meeting_Test" time="0.148" classname="com.automationlabs.tests.NaveenPageTest"/>
  <testcase name="lifeMottoText_Test" time="0.0" classname="com.automationlabs.tests.NaveenPageTest">
    <ignored/>
  </testcase> <!-- lifeMottoText_Test -->
</testsuite> <!-- Default test -->
