<?xml version="1.0" encoding="UTF-8"?>
<!-- Generated by org.testng.reporters.JUnitXMLReporter -->
<testsuite hostname="Jeys-MBP.home" ignored="0" name="ContactUs Page Test" tests="7" failures="0" timestamp="2020-10-17T16:35:02 EDT" time="18.027" errors="0">
  <testcase name="ContactusPageHeaderTest" time="0.499" classname="com.automationlabs.tests.ContacUsPageTest"/>
  <testcase name="IncaseTextTest" time="0.243" classname="com.automationlabs.tests.ContacUsPageTest"/>
  <testcase name="SearchKeywordTest" time="0.019" classname="com.automationlabs.tests.ContacUsPageTest"/>
  <testcase name="clicksearchbuttonTest" time="10.028" classname="com.automationlabs.tests.ContacUsPageTest"/>
  <testcase name="getLinkTest" time="0.085" classname="com.automationlabs.tests.ContacUsPageTest"/>
  <testcase name="searchTextFieldTest" time="0.09" classname="com.automationlabs.tests.ContacUsPageTest"/>
  <testcase name="ContactusPageTitleTest" time="0.004" classname="com.automationlabs.tests.ContacUsPageTest"/>
</testsuite> <!-- ContactUs Page Test -->
