<?xml version="1.0" encoding="UTF-8"?>
<!-- Generated by org.testng.reporters.JUnitXMLReporter -->
<testsuite hostname="Jeys-MBP.home" ignored="0" name="ContactUs Page Test" tests="6" failures="0" timestamp="2020-10-19T11:51:20 EDT" time="6.057" errors="0">
  <testcase name="ContactusPageHeaderTest" time="0.303" classname="com.automationlabs.tests.ContacUsPageTest"/>
  <testcase name="ContactusPageTitleTest" time="0.006" classname="com.automationlabs.tests.ContacUsPageTest"/>
  <testcase name="IncaseTextTest" time="0.126" classname="com.automationlabs.tests.ContacUsPageTest"/>
  <testcase name="SearchKeywordTest" time="0.021" classname="com.automationlabs.tests.ContacUsPageTest"/>
  <testcase name="getLinkTest" time="0.072" classname="com.automationlabs.tests.ContacUsPageTest"/>
  <testcase name="searchTextFieldTest" time="0.161" classname="com.automationlabs.tests.ContacUsPageTest"/>
</testsuite> <!-- ContactUs Page Test -->
