<?xml version="1.0" encoding="UTF-8"?>
<!-- Generated by org.testng.reporters.JUnitXMLReporter -->
<testsuite hostname="Jeys-MBP.home" ignored="1" name="Welcome Page Test" tests="4" failures="0" timestamp="2020-10-19T11:51:13 EDT" time="5.224" errors="0">
  <testcase name="verify_learnTechnology_TexTest" time="0.369" classname="com.automationlabs.tests.WelcomePageTest"/>
  <testcase name="verifywelcomepageTitle_Test" time="0.368" classname="com.automationlabs.tests.WelcomePageTest"/>
  <testcase name="verify_naveenAutomationlabs_link_test" time="0.057" classname="com.automationlabs.tests.WelcomePageTest"/>
  <testcase name="closePopUpTest" time="0.127" classname="com.automationlabs.tests.WelcomePageTest"/>
  <testcase name="clickContactUsButtonTest" time="0.0" classname="com.automationlabs.tests.WelcomePageTest">
    <ignored/>
  </testcase> <!-- clickContactUsButtonTest -->
</testsuite> <!-- Welcome Page Test -->
