<?xml version="1.0" encoding="UTF-8"?>
<!-- Generated by org.testng.reporters.JUnitXMLReporter -->
<testsuite hostname="Jeys-MBP.home" ignored="1" name="Welcome Page Test" tests="4" failures="0" timestamp="2020-10-17T16:34:52 EDT" time="6.747" errors="0">
  <testcase name="verify_learnTechnology_TexTest" time="0.062" classname="com.automationlabs.tests.WelcomePageTest"/>
  <testcase name="verifywelcomepageTitle_Test" time="0.28" classname="com.automationlabs.tests.WelcomePageTest"/>
  <testcase name="verify_naveenAutomationlabs_link_test" time="0.038" classname="com.automationlabs.tests.WelcomePageTest"/>
  <testcase name="closePopUpTest" time="1.513" classname="com.automationlabs.tests.WelcomePageTest"/>
  <testcase name="clickContactUsButtonTest" time="0.0" classname="com.automationlabs.tests.WelcomePageTest">
    <ignored/>
  </testcase> <!-- clickContactUsButtonTest -->
</testsuite> <!-- Welcome Page Test -->
