<?xml version="1.0" encoding="UTF-8"?>
<testng-results skipped="0" failed="0" ignored="0" total="4" passed="4">
  <reporter-output>
  </reporter-output>
  <suite name="AutomationLabs Test automtion regression suite" duration-ms="36656" started-at="2020-10-26T11:02:53 EDT" finished-at="2020-10-26T11:03:30 EDT">
    <groups>
    </groups>
    <test name="Meeting Page Test" duration-ms="36656" started-at="2020-10-26T11:02:53 EDT" finished-at="2020-10-26T11:03:30 EDT">
      <class name="com.automationlabs.tests.MeetingPageTest">
        <test-method status="PASS" signature="setUp()[pri:0, instance:com.automationlabs.tests.MeetingPageTest@57c758ac]" name="setUp" is-config="true" duration-ms="5748" started-at="2020-10-26T11:02:54 EDT" finished-at="2020-10-26T11:02:59 EDT">
          <reporter-output>
          </reporter-output>
        </test-method> <!-- setUp -->
        <test-method status="PASS" signature="MeetingPageSetUP()[pri:0, instance:com.automationlabs.tests.MeetingPageTest@57c758ac]" name="MeetingPageSetUP" is-config="true" duration-ms="4681" started-at="2020-10-26T11:02:59 EDT" finished-at="2020-10-26T11:03:04 EDT">
          <reporter-output>
          </reporter-output>
        </test-method> <!-- MeetingPageSetUP -->
        <test-method status="PASS" signature="fillTheMeetingFormTest(java.lang.String, java.lang.String, java.lang.String, java.lang.String)[pri:1, instance:com.automationlabs.tests.MeetingPageTest@57c758ac]" name="fillTheMeetingFormTest" duration-ms="6903" started-at="2020-10-26T11:03:05 EDT" data-provider="getTestDataTest" finished-at="2020-10-26T11:03:12 EDT">
          <params>
            <param index="0">
              <value>
                <![CDATA[Hello Naveen this is one of your student Jeyhun Ali just would like to say your website and as well as your youtube channel helped me a lot to improve and make my confident very high level]]>
              </value>
            </param>
            <param index="1">
              <value>
                <![CDATA[Jeyhun Aliyev]]>
              </value>
            </param>
            <param index="2">
              <value>
                <![CDATA[Ali-ceyhun@list.ru]]>
              </value>
            </param>
            <param index="3">
              <value>
                <![CDATA[NaveenAutomationLabs]]>
              </value>
            </param>
          </params>
          <reporter-output>
          </reporter-output>
        </test-method> <!-- fillTheMeetingFormTest -->
        <test-method status="PASS" signature="fillTheMeetingFormTest(java.lang.String, java.lang.String, java.lang.String, java.lang.String)[pri:1, instance:com.automationlabs.tests.MeetingPageTest@57c758ac]" name="fillTheMeetingFormTest" duration-ms="6067" started-at="2020-10-26T11:03:12 EDT" data-provider="getTestDataTest" finished-at="2020-10-26T11:03:18 EDT">
          <params>
            <param index="0">
              <value>
                <![CDATA[Hello  Naveen your WebPAge is full of information and resources thank you very much]]>
              </value>
            </param>
            <param index="1">
              <value>
                <![CDATA[Tural Tom]]>
              </value>
            </param>
            <param index="2">
              <value>
                <![CDATA[Tural@gmail.com]]>
              </value>
            </param>
            <param index="3">
              <value>
                <![CDATA[NaveenAutomationLabs]]>
              </value>
            </param>
          </params>
          <reporter-output>
          </reporter-output>
        </test-method> <!-- fillTheMeetingFormTest -->
        <test-method status="PASS" signature="fillTheMeetingFormTest(java.lang.String, java.lang.String, java.lang.String, java.lang.String)[pri:1, instance:com.automationlabs.tests.MeetingPageTest@57c758ac]" name="fillTheMeetingFormTest" duration-ms="5922" started-at="2020-10-26T11:03:18 EDT" data-provider="getTestDataTest" finished-at="2020-10-26T11:03:24 EDT">
          <params>
            <param index="0">
              <value>
                <![CDATA[Hello Naveen like your youtube channel ]]>
              </value>
            </param>
            <param index="1">
              <value>
                <![CDATA[Melisa Tuylu]]>
              </value>
            </param>
            <param index="2">
              <value>
                <![CDATA[Melisa@gmail.com]]>
              </value>
            </param>
            <param index="3">
              <value>
                <![CDATA[NaveenAutomationLabs]]>
              </value>
            </param>
          </params>
          <reporter-output>
          </reporter-output>
        </test-method> <!-- fillTheMeetingFormTest -->
        <test-method status="PASS" signature="fillTheMeetingFormTest(java.lang.String, java.lang.String, java.lang.String, java.lang.String)[pri:1, instance:com.automationlabs.tests.MeetingPageTest@57c758ac]" name="fillTheMeetingFormTest" duration-ms="6158" started-at="2020-10-26T11:03:24 EDT" data-provider="getTestDataTest" finished-at="2020-10-26T11:03:30 EDT">
          <params>
            <param index="0">
              <value>
                <![CDATA[this comment comes from friends they like your webPage abd youtube channel one of them currently preparing interview by whatching your youtube Videos]]>
              </value>
            </param>
            <param index="1">
              <value>
                <![CDATA[Tayfun Koc]]>
              </value>
            </param>
            <param index="2">
              <value>
                <![CDATA[Tayfun@gmail.com]]>
              </value>
            </param>
            <param index="3">
              <value>
                <![CDATA[NaveenAutomationLabs]]>
              </value>
            </param>
          </params>
          <reporter-output>
          </reporter-output>
        </test-method> <!-- fillTheMeetingFormTest -->
      </class> <!-- com.automationlabs.tests.MeetingPageTest -->
    </test> <!-- Meeting Page Test -->
  </suite> <!-- AutomationLabs Test automtion regression suite -->
</testng-results>
