<?xml version="1.0" encoding="UTF-8"?>
<testng-results skipped="0" failed="0" ignored="1" total="5" passed="4">
  <reporter-output>
  </reporter-output>
  <suite name="Default suite" duration-ms="4810" started-at="2020-10-07T20:21:44 EDT" finished-at="2020-10-07T20:21:49 EDT">
    <groups>
    </groups>
    <test name="Default test" duration-ms="4810" started-at="2020-10-07T20:21:44 EDT" finished-at="2020-10-07T20:21:49 EDT">
      <class name="com.automationlabs.tests.WelcomePageTest">
        <test-method status="PASS" signature="setUp()[pri:0, instance:com.automationlabs.tests.WelcomePageTest@49fc609f]" name="setUp" is-config="true" duration-ms="3668" started-at="2020-10-07T20:21:44 EDT" finished-at="2020-10-07T20:21:48 EDT">
          <reporter-output>
          </reporter-output>
        </test-method> <!-- setUp -->
        <test-method status="PASS" signature="verify_learnTechnology_TexTest()[pri:0, instance:com.automationlabs.tests.WelcomePageTest@49fc609f]" name="verify_learnTechnology_TexTest" duration-ms="339" started-at="2020-10-07T20:21:48 EDT" finished-at="2020-10-07T20:21:48 EDT">
          <reporter-output>
          </reporter-output>
        </test-method> <!-- verify_learnTechnology_TexTest -->
        <test-method status="PASS" signature="verifywelcomepageTitle_Test()[pri:1, instance:com.automationlabs.tests.WelcomePageTest@49fc609f]" name="verifywelcomepageTitle_Test" duration-ms="6" started-at="2020-10-07T20:21:48 EDT" finished-at="2020-10-07T20:21:48 EDT">
          <reporter-output>
          </reporter-output>
        </test-method> <!-- verifywelcomepageTitle_Test -->
        <test-method status="PASS" signature="verify_naveenAutomationlabs_link_test()[pri:2, instance:com.automationlabs.tests.WelcomePageTest@49fc609f]" name="verify_naveenAutomationlabs_link_test" duration-ms="29" started-at="2020-10-07T20:21:48 EDT" finished-at="2020-10-07T20:21:48 EDT">
          <reporter-output>
          </reporter-output>
        </test-method> <!-- verify_naveenAutomationlabs_link_test -->
        <test-method status="PASS" signature="closePopUpTest()[pri:3, instance:com.automationlabs.tests.WelcomePageTest@49fc609f]" name="closePopUpTest" duration-ms="631" started-at="2020-10-07T20:21:48 EDT" finished-at="2020-10-07T20:21:49 EDT">
          <reporter-output>
          </reporter-output>
        </test-method> <!-- closePopUpTest -->
        <test-method status="PASS" signature="tearDown()[pri:0, instance:com.automationlabs.tests.WelcomePageTest@49fc609f]" name="tearDown" is-config="true" duration-ms="104" started-at="2020-10-07T20:21:49 EDT" finished-at="2020-10-07T20:21:49 EDT">
          <reporter-output>
          </reporter-output>
        </test-method> <!-- tearDown -->
      </class> <!-- com.automationlabs.tests.WelcomePageTest -->
    </test> <!-- Default test -->
  </suite> <!-- Default suite -->
</testng-results>
