<?xml version="1.0" encoding="UTF-8"?>
<!-- Generated by org.testng.reporters.JUnitReportReporter -->
<testsuite skipped="0" hostname="Jeys-MBP.home" name="com.automationlabs.tests.MeetingPageTest" tests="4" failures="0" timestamp="2020-10-26T11:03:30 EDT" time="25.050" errors="0">
  <testcase name="fillTheMeetingFormTest" time="6.158" classname="com.automationlabs.tests.MeetingPageTest"/>
  <testcase name="fillTheMeetingFormTest" time="5.922" classname="com.automationlabs.tests.MeetingPageTest"/>
  <testcase name="fillTheMeetingFormTest" time="6.067" classname="com.automationlabs.tests.MeetingPageTest"/>
  <testcase name="fillTheMeetingFormTest" time="6.903" classname="com.automationlabs.tests.MeetingPageTest"/>
</testsuite> <!-- com.automationlabs.tests.MeetingPageTest -->
